2026-07-11 22:25:01 [INFO ] org.testng.internal.Utils - [TestNG] Running:
  C:\Users\gn777\IdeaProjects\rest-api-automation-framework\testng.xml

2026-07-11 22:25:01 [INFO ] com.api.automation.base.BaseTest - ========== API TEST SUITE STARTING ==========
2026-07-11 22:25:01 [INFO ] c.a.automation.config.ConfigManager - Configuration loaded from: config.properties
2026-07-11 22:25:01 [INFO ] com.api.automation.base.BaseTest - Base URL: https://reqres.in/api
2026-07-11 22:25:02 [INFO ] com.api.automation.client.ApiClient - API Client initialised: https://reqres.in/api
2026-07-11 22:25:02 [INFO ] com.api.automation.client.ApiClient - GET /users/999
2026-07-11 22:25:04 [INFO ] com.api.automation.client.ApiClient - GET /users/2
2026-07-11 22:25:05 [INFO ] c.api.automation.tests.GetUserTest - Retrieved user: User{id=2, name='null', job='null', email='janet.weaver@reqres.in'}
2026-07-11 22:25:05 [INFO ] com.api.automation.client.ApiClient - GET /users/2
2026-07-11 22:25:05 [INFO ] c.a.automation.utils.SchemaValidator - Validating response against schema: user-schema.json
2026-07-11 22:25:05 [INFO ] c.a.automation.utils.SchemaValidator - Schema validation passed: user-schema.json
2026-07-11 22:25:05 [INFO ] c.api.automation.tests.GetUserTest - Schema validation passed for /users/2
2026-07-11 22:25:05 [INFO ] com.api.automation.client.ApiClient - GET /users?page=1
2026-07-11 22:25:06 [INFO ] c.api.automation.tests.GetUserTest - Total users: 12
2026-07-11 22:25:06 [INFO ] com.api.automation.client.ApiClient - POST /users
2026-07-11 22:25:06 [INFO ] c.a.automation.tests.CreateUserTest - Created user: User{id=128, name='Gaurav', job='Senior SDET', email='null'}
2026-07-11 22:25:06 [INFO ] com.api.automation.client.ApiClient - PUT /users/2
2026-07-11 22:25:07 [INFO ] c.a.automation.tests.CreateUserTest - Updated user: User{id=0, name='Gaurav Updated', job='Principal SDET', email='null'}
2026-07-11 22:25:08 [INFO ] c.a.a.wiremock.WireMockServerManager - WireMock stubs configured successfully
2026-07-11 22:25:08 [INFO ] c.a.a.wiremock.WireMockServerManager - WireMock server started on port 8089
2026-07-11 22:25:08 [INFO ] c.a.automation.wiremock.WireMockTest - WireMock server ready for tests
2026-07-11 22:25:08 [INFO ] c.a.a.wiremock.WireMockApiClient - WireMock ApiClient initialised: http://localhost:8089
2026-07-11 22:25:08 [INFO ] c.a.a.wiremock.WireMockApiClient - WireMock POST /users
2026-07-11 22:25:08 [INFO ] c.a.automation.wiremock.WireMockTest - Mocked user created — name: Gaurav, id: 999
2026-07-11 22:25:08 [INFO ] c.a.a.wiremock.WireMockApiClient - WireMock DELETE /users/2
2026-07-11 22:25:08 [INFO ] c.a.automation.wiremock.WireMockTest - Mocked delete verified — 204 returned
2026-07-11 22:25:08 [INFO ] c.a.a.wiremock.WireMockApiClient - WireMock GET /users/999
2026-07-11 22:25:08 [INFO ] c.a.automation.wiremock.WireMockTest - Mocked 404 verified
2026-07-11 22:25:08 [INFO ] c.a.a.wiremock.WireMockApiClient - WireMock GET /users/2
2026-07-11 22:25:08 [INFO ] c.a.automation.wiremock.WireMockTest - Mocked user verified — id: 2, email: janet.weaver@reqres.in
2026-07-11 22:25:08 [INFO ] c.a.a.wiremock.WireMockApiClient - WireMock GET /users
2026-07-11 22:25:08 [INFO ] c.a.automation.wiremock.WireMockTest - Mocked user list verified — total: 12
2026-07-11 22:25:08 [INFO ] c.a.a.wiremock.WireMockApiClient - WireMock PUT /users/2
2026-07-11 22:25:08 [INFO ] c.a.automation.wiremock.WireMockTest - Mocked user updated: Gaurav Updated
2026-07-11 22:25:08 [INFO ] c.a.a.wiremock.WireMockServerManager - WireMock server stopped
